<?xml version="1.0" encoding="UTF-8"?>
<testng-results skipped="0" failed="0" total="2" passed="2">
  <reporter-output>
  </reporter-output>
  <suite name="spicejetProject_V1" duration-ms="93102" started-at="2020-05-04T13:01:08Z" finished-at="2020-05-04T13:02:41Z">
    <groups>
    </groups>
    <test name="Test" duration-ms="93102" started-at="2020-05-04T13:01:08Z" finished-at="2020-05-04T13:02:41Z">
      <class name="com.spicejetProject.testCases.TC_LoginPage_003">
        <test-method status="PASS" signature="setUp(java.lang.String)[pri:0, instance:com.spicejetProject.testCases.TC_LoginPage_003@1d251891]" name="setUp" is-config="true" duration-ms="30279" started-at="2020-05-04T18:31:09Z" finished-at="2020-05-04T18:31:39Z">
          <params>
            <param index="0">
              <value>
                <![CDATA[chrome]]>
              </value>
            </param>
          </params>
          <reporter-output>
          </reporter-output>
        </test-method> <!-- setUp -->
        <test-method status="PASS" signature="loginPage(java.lang.String, java.lang.String)[pri:0, instance:com.spicejetProject.testCases.TC_LoginPage_003@1d251891]" name="loginPage" duration-ms="26293" started-at="2020-05-04T18:32:01Z" data-provider="LoginData" finished-at="2020-05-04T18:32:28Z">
          <params>
            <param index="0">
              <value>
                <![CDATA[thasmiya.k@gmail.com]]>
              </value>
            </param>
            <param index="1">
              <value>
                <![CDATA[hjdgasdhasd]]>
              </value>
            </param>
          </params>
          <reporter-output>
          </reporter-output>
        </test-method> <!-- loginPage -->
        <test-method status="PASS" signature="loginPage(java.lang.String, java.lang.String)[pri:0, instance:com.spicejetProject.testCases.TC_LoginPage_003@1d251891]" name="loginPage" duration-ms="11837" started-at="2020-05-04T18:32:28Z" data-provider="LoginData" finished-at="2020-05-04T18:32:40Z">
          <params>
            <param index="0">
              <value>
                <![CDATA[ananya.j@gmail.com]]>
              </value>
            </param>
            <param index="1">
              <value>
                <![CDATA[sdbsadhfggda]]>
              </value>
            </param>
          </params>
          <reporter-output>
          </reporter-output>
        </test-method> <!-- loginPage -->
        <test-method status="PASS" signature="tearDown()[pri:0, instance:com.spicejetProject.testCases.TC_LoginPage_003@1d251891]" name="tearDown" is-config="true" duration-ms="1603" started-at="2020-05-04T18:32:40Z" finished-at="2020-05-04T18:32:41Z">
          <reporter-output>
          </reporter-output>
        </test-method> <!-- tearDown -->
      </class> <!-- com.spicejetProject.testCases.TC_LoginPage_003 -->
    </test> <!-- Test -->
  </suite> <!-- spicejetProject_V1 -->
</testng-results>
